42	
42	
64	
64	
42	
42	
42	
42	
42	
64	
64	
64	
64	
64	
64	
64	
64	
64	
64	
64	
64	
64	
64	
64	
64	
64	
64	
64	
64	
64	
304	
64	
64	
339	
64	
64	
64	
42	
42	
42	
42	
42	
42	
339	
339	
64	
64	
42	
42	
42	
339	
339	
304	
64	
87	
64	
64	
339	
307	
87	
307	
64	
339	
64	
64	
64	
304	
304	
64	
339	
339	
339	
339	
87	
304	
304	
339	
339	
339	
304	
304	
339	
304	
307	
307	
87	
87	
87	
307	
307	
304	
304	
304	
339	
304	
64	
304	
304	
304	
307	
133	
133	
133	
281	
307	
133	
133	
281	
304	
304	
87	
307	
307	
133	
133	
133	
133	
233	
281	
281	
133	
233	
133	
133	
133	
133	
133	
133	
233	
233	
233	
133	
133	
133	
133	
133	
133	
133	
174	
174	
174	
174	
174	
174	
133	
133	
133	
133	
133	
133	
174	
174	
174	
239	
174	
174	
174	
174	
174	
174	
174	
239	
239	
239	
222	
239	
233	
233	
133	
174	
233	
233	
133	
174	
174	
233	
233	
174	
174	
174	
174	
174	
174	
174	
174	
239	
222	
222	
222	
239	
233	
174	
174	
174	
174	
239	
239	
222	
222	
222	
222	
222	
222	
222	
222	
222	
222	
239	
239	
222	
222	
174	
174	
239	
239	
222	
222	
222	
222	
222	
222	
222	
222	
222	
222	
222	
222	
222	
174	
233	
233	
233	
233	
233	
174	
174	
239	
239	
239	
222	
222	
222	
222	
222	
222	
222	
239	
239	
174	
133	
133	
133	
233	
233	
233	
133	
174	
174	
174	
239	
222	
239	
174	
133	
133	
233	
233	
174	
233	
233	
233	
281	
281	
281	
281	
133	
133	
133	
133	
233	
281	
281	
281	
87	
87	
87	
281	
281	
281	
281	
133	
133	
281	
307	
87	
307	
307	
307	
307	
281	
307	
307	
307	
304	
304	
307	
307	
307	
307	
307	
87	
87	
307	
281	
281	
307	
307	
307	
304	
307	
307	
281	
307	
281	
281	
87	
307	
64	
64	
64	
64	
64	
64	
339	
304	
339	
339	
339	
339	
64	
64	
64	
64	
64	
64	
339	
339	
339	
339	
64	
339	
64	
339	
339	
339	
339	
307	
339	
339	
304	
304	
339	
64	
42	
42	
