335	
24	
24	
24	
27	
27	
335	
24	
335	
93	
27	
16	
24	
27	
24	
16	
24	
16	
16	
27	
24	
16	
27	
24	
27	
24	
27	
16	
24	
27	
16	
16	
16	
24	
16	
24	
27	
27	
24	
27	
27	
27	
27	
27	
24	
27	
24	
27	
93	
93	
24	
16	
27	
24	
27	
27	
121	
27	
27	
24	
24	
24	
16	
93	
93	
93	
121	
93	
121	
121	
93	
121	
24	
24	
27	
24	
98	
98	
121	
98	
98	
121	
16	
24	
121	
121	
93	
93	
27	
121	
27	
27	
93	
257	
121	
98	
98	
98	
98	
98	
121	
121	
257	
265	
93	
98	
121	
98	
98	
282	
98	
98	
98	
257	
93	
121	
121	
121	
121	
121	
121	
93	
265	
98	
121	
265	
121	
27	
265	
257	
265	
265	
98	
257	
257	
121	
93	
121	
121	
265	
282	
257	
282	
265	
257	
98	
257	
265	
121	
282	
213	
212	
212	
212	
213	
212	
212	
213	
213	
213	
213	
213	
212	
213	
213	
213	
212	
212	
213	
212	
213	
212	
212	
213	
212	
212	
213	
212	
213	
212	
213	
213	
212	
213	
213	
213	
212	
212	
212	
213	
213	
212	
212	
212	
212	
213	
212	
213	
212	
212	
212	
212	
212	
212	
213	
213	
212	
212	
213	
213	
213	
212	
213	
212	
213	
212	
212	
212	
213	
212	
212	
213	
212	
213	
213	
213	
212	
212	
212	
213	
212	
212	
213	
212	
212	
212	
212	
212	
213	
213	
265	
282	
282	
265	
257	
265	
282	
265	
257	
257	
98	
257	
265	
257	
265	
257	
257	
282	
265	
282	
257	
257	
257	
282	
265	
257	
265	
282	
265	
282	
265	
98	
265	
98	
257	
257	
282	
257	
282	
121	
282	
282	
257	
257	
121	
121	
121	
282	
282	
257	
257	
257	
257	
257	
282	
257	
121	
257	
335	
257	
282	
282	
257	
257	
265	
265	
282	
282	
257	
257	
257	
93	
335	
335	
257	
93	
93	
335	
335	
93	
27	
335	
27	
27	
24	
24	
27	
27	
335	
257	
93	
27	
93	
27	
335	
93	
27	
335	
335	
93	
335	
93	
335	
27	
24	
27	
27	
335	
335	
335	
335	
335	
335	
93	
93	
93	
27	
24	
27	
93	
27	
335	
335	
93	
27	
