352	
357	
38	
38	
329	
329	
329	
329	
357	
329	
357	
329	
329	
24	
357	
38	
24	
38	
24	
24	
38	
38	
24	
24	
329	
329	
329	
329	
24	
38	
38	
38	
38	
38	
38	
38	
24	
38	
24	
24	
38	
38	
38	
329	
329	
329	
329	
24	
86	
329	
38	
24	
38	
24	
24	
329	
329	
86	
329	
357	
24	
24	
86	
86	
86	
99	
329	
329	
86	
86	
357	
86	
38	
38	
329	
329	
86	
329	
86	
329	
86	
86	
86	
86	
329	
86	
352	
329	
357	
357	
357	
86	
329	
329	
283	
99	
99	
99	
99	
268	
86	
99	
283	
99	
99	
99	
99	
99	
329	
99	
99	
268	
99	
268	
268	
329	
86	
86	
86	
86	
86	
86	
283	
268	
283	
357	
268	
283	
283	
268	
268	
268	
99	
329	
268	
99	
268	
283	
283	
283	
99	
268	
283	
283	
268	
268	
99	
268	
283	
99	
236	
236	
236	
236	
180	
236	
180	
180	
236	
236	
236	
180	
236	
195	
236	
180	
180	
236	
180	
180	
195	
236	
236	
236	
180	
180	
236	
180	
195	
180	
180	
180	
195	
180	
180	
236	
236	
180	
195	
180	
180	
180	
195	
195	
195	
236	
236	
236	
180	
180	
195	
180	
236	
236	
195	
180	
195	
195	
236	
236	
236	
180	
236	
180	
236	
236	
236	
236	
236	
180	
180	
195	
236	
236	
195	
195	
236	
236	
236	
195	
195	
195	
195	
180	
195	
236	
195	
195	
236	
236	
268	
283	
283	
283	
268	
283	
283	
283	
99	
268	
283	
283	
268	
268	
268	
283	
283	
283	
283	
268	
283	
99	
283	
283	
283	
268	
268	
268	
268	
268	
268	
268	
268	
268	
99	
283	
99	
352	
283	
352	
268	
268	
283	
268	
268	
283	
283	
283	
352	
283	
283	
283	
283	
352	
352	
352	
352	
86	
268	
283	
283	
352	
352	
283	
268	
283	
329	
352	
352	
352	
352	
352	
352	
352	
352	
352	
357	
352	
352	
352	
352	
352	
352	
329	
24	
38	
24	
329	
329	
329	
352	
329	
352	
329	
352	
357	
352	
352	
352	
352	
352	
352	
357	
352	
329	
329	
329	
329	
352	
352	
352	
352	
352	
357	
329	
352	
357	
329	
329	
352	
352	
357	
357	
352	
357	
