31	
31	
31	
31	
31	
31	
31	
31	
344	
344	
344	
31	
344	
344	
344	
295	
295	
344	
344	
344	
344	
344	
344	
344	
31	
31	
31	
31	
31	
344	
31	
31	
31	
31	
344	
36	
36	
31	
31	
31	
31	
31	
31	
31	
31	
344	
344	
31	
31	
69	
69	
344	
344	
344	
344	
295	
69	
69	
344	
309	
309	
69	
344	
36	
69	
69	
69	
69	
69	
344	
344	
69	
69	
344	
295	
295	
69	
69	
69	
69	
309	
69	
309	
295	
282	
295	
69	
309	
309	
295	
69	
69	
69	
344	
295	
69	
69	
309	
309	
132	
132	
132	
132	
132	
132	
132	
282	
295	
69	
309	
132	
132	
132	
282	
132	
132	
132	
282	
132	
282	
282	
132	
282	
233	
233	
233	
132	
132	
233	
132	
132	
132	
233	
233	
282	
282	
233	
233	
162	
233	
282	
282	
282	
132	
282	
132	
132	
132	
132	
132	
233	
162	
162	
162	
162	
162	
162	
162	
162	
162	
233	
162	
162	
162	
162	
162	
233	
233	
132	
233	
132	
132	
132	
282	
132	
132	
132	
233	
233	
233	
162	
162	
216	
216	
216	
216	
216	
188	
188	
233	
162	
162	
216	
162	
216	
216	
188	
188	
188	
188	
188	
188	
188	
188	
216	
216	
233	
162	
162	
162	
233	
233	
162	
162	
216	
216	
216	
188	
188	
188	
216	
216	
216	
188	
188	
188	
216	
162	
233	
162	
233	
233	
233	
233	
233	
162	
233	
162	
162	
216	
216	
216	
216	
216	
162	
162	
233	
282	
132	
132	
132	
132	
132	
132	
132	
233	
162	
162	
162	
216	
216	
233	
233	
132	
132	
233	
282	
282	
282	
282	
282	
282	
295	
282	
282	
282	
282	
132	
282	
282	
282	
282	
282	
295	
309	
282	
282	
282	
282	
309	
282	
282	
309	
309	
295	
309	
309	
309	
309	
309	
309	
282	
295	
295	
295	
69	
309	
309	
309	
309	
309	
282	
282	
282	
282	
282	
309	
309	
309	
309	
309	
309	
309	
282	
295	
344	
344	
31	
31	
31	
344	
31	
344	
344	
309	
309	
309	
344	
344	
344	
344	
344	
344	
344	
344	
31	
344	
344	
344	
344	
31	
344	
344	
344	
344	
309	
309	
344	
309	
309	
344	
344	
344	
31	
31	
