326	
326	
326	
326	
326	
27	
27	
27	
72	
72	
326	
72	
42	
42	
42	
72	
326	
326	
326	
72	
72	
72	
72	
72	
326	
27	
27	
42	
27	
72	
27	
27	
27	
27	
27	
42	
42	
42	
42	
27	
72	
42	
27	
42	
42	
42	
42	
27	
42	
42	
42	
306	
326	
72	
72	
306	
72	
72	
326	
326	
72	
42	
72	
42	
42	
306	
306	
306	
306	
72	
72	
72	
326	
306	
306	
306	
306	
306	
306	
306	
326	
306	
306	
306	
145	
306	
72	
306	
72	
72	
72	
72	
42	
306	
326	
326	
306	
72	
251	
251	
251	
251	
251	
251	
251	
251	
292	
306	
306	
306	
251	
251	
251	
251	
251	
251	
251	
145	
251	
251	
145	
145	
145	
145	
145	
181	
251	
251	
145	
145	
251	
251	
251	
145	
145	
251	
251	
251	
181	
181	
145	
145	
145	
145	
145	
145	
251	
145	
251	
251	
251	
181	
181	
154	
181	
181	
154	
154	
154	
181	
181	
181	
154	
154	
154	
181	
145	
145	
251	
145	
251	
145	
145	
145	
145	
251	
181	
145	
145	
145	
181	
154	
154	
154	
216	
216	
219	
219	
216	
181	
251	
181	
154	
145	
181	
154	
154	
216	
219	
219	
154	
216	
219	
219	
216	
216	
181	
145	
181	
145	
181	
181	
154	
181	
154	
216	
216	
219	
219	
219	
219	
219	
219	
219	
219	
219	
219	
216	
145	
145	
145	
251	
181	
181	
181	
181	
145	
181	
154	
216	
216	
216	
216	
216	
181	
181	
181	
145	
251	
251	
251	
251	
145	
145	
145	
251	
181	
181	
181	
154	
154	
181	
145	
251	
251	
145	
251	
145	
145	
145	
251	
251	
292	
251	
251	
251	
145	
145	
145	
145	
292	
292	
292	
326	
72	
72	
292	
292	
292	
292	
292	
292	
72	
306	
306	
306	
306	
292	
292	
306	
72	
292	
306	
306	
306	
306	
306	
306	
306	
306	
292	
251	
292	
145	
292	
251	
292	
306	
326	
292	
292	
145	
292	
292	
326	
326	
42	
42	
42	
27	
27	
326	
326	
72	
72	
72	
72	
72	
326	
326	
326	
72	
72	
72	
42	
326	
326	
42	
27	
42	
27	
27	
326	
326	
326	
306	
326	
326	
326	
326	
326	
326	
326	
42	
42	
