42	
42	
45	
66	
42	
42	
42	
42	
45	
73	
339	
66	
45	
73	
73	
73	
73	
339	
339	
339	
339	
302	
302	
339	
339	
66	
66	
66	
66	
339	
302	
302	
66	
73	
339	
302	
339	
73	
66	
45	
42	
42	
42	
45	
45	
45	
45	
45	
42	
42	
45	
73	
66	
339	
339	
339	
339	
339	
339	
339	
339	
114	
339	
339	
339	
66	
66	
66	
66	
66	
73	
66	
73	
73	
73	
73	
45	
45	
45	
73	
73	
339	
339	
339	
302	
302	
302	
339	
114	
114	
114	
339	
339	
73	
339	
302	
73	
66	
73	
73	
114	
114	
114	
114	
114	
114	
114	
114	
302	
114	
114	
114	
114	
114	
114	
114	
114	
288	
288	
288	
288	
288	
288	
160	
160	
236	
160	
160	
288	
288	
288	
288	
288	
160	
160	
160	
160	
160	
160	
160	
160	
160	
160	
160	
160	
160	
288	
288	
288	
160	
160	
160	
160	
160	
236	
160	
160	
288	
288	
160	
160	
160	
236	
236	
236	
231	
231	
231	
160	
160	
160	
160	
160	
160	
236	
236	
160	
160	
160	
160	
160	
160	
236	
236	
236	
236	
231	
231	
231	
231	
231	
236	
236	
231	
231	
231	
231	
231	
231	
231	
231	
209	
231	
231	
231	
231	
231	
209	
209	
209	
209	
209	
231	
231	
231	
231	
231	
231	
231	
236	
231	
231	
231	
231	
231	
231	
231	
231	
231	
231	
231	
231	
236	
236	
236	
236	
236	
236	
236	
236	
236	
231	
231	
231	
231	
231	
231	
231	
231	
231	
236	
160	
236	
236	
236	
236	
236	
236	
236	
236	
236	
236	
236	
288	
288	
160	
160	
160	
288	
160	
160	
288	
288	
288	
288	
288	
160	
160	
160	
160	
288	
160	
288	
288	
160	
288	
288	
288	
288	
288	
288	
288	
288	
288	
288	
288	
302	
302	
114	
302	
302	
302	
302	
302	
302	
302	
302	
114	
114	
114	
302	
114	
114	
288	
288	
288	
288	
288	
302	
114	
302	
114	
114	
302	
288	
288	
288	
288	
288	
302	
302	
302	
339	
339	
339	
302	
339	
339	
339	
339	
339	
339	
339	
66	
66	
45	
73	
339	
73	
66	
66	
45	
73	
73	
73	
339	
339	
339	
339	
339	
339	
339	
339	
66	
42	
