5	
5	
56	
363	
5	
5	
363	
56	
363	
353	
56	
363	
363	
56	
363	
363	
353	
56	
363	
56	
56	
56	
56	
5	
5	
5	
5	
5	
56	
56	
5	
5	
5	
5	
56	
56	
56	
5	
5	
5	
5	
363	
363	
56	
363	
363	
56	
363	
5	
363	
363	
56	
56	
363	
56	
56	
56	
363	
363	
363	
56	
93	
353	
56	
5	
5	
363	
363	
93	
93	
363	
363	
363	
353	
56	
353	
93	
93	
93	
353	
353	
93	
93	
289	
119	
93	
93	
93	
119	
119	
93	
93	
93	
353	
353	
353	
363	
93	
93	
93	
93	
119	
119	
119	
119	
119	
119	
119	
93	
119	
119	
119	
119	
119	
119	
119	
289	
289	
119	
119	
119	
119	
127	
127	
127	
127	
127	
127	
127	
127	
127	
127	
127	
127	
252	
252	
127	
127	
127	
127	
119	
119	
119	
119	
127	
127	
252	
127	
127	
127	
127	
127	
236	
236	
236	
240	
240	
240	
236	
127	
236	
236	
236	
236	
236	
252	
127	
127	
127	
127	
127	
127	
127	
236	
127	
236	
236	
236	
236	
236	
240	
240	
240	
217	
217	
217	
217	
217	
217	
240	
240	
240	
240	
240	
217	
217	
217	
217	
217	
217	
217	
217	
217	
217	
217	
240	
240	
240	
240	
240	
240	
240	
236	
240	
240	
217	
217	
217	
217	
217	
217	
236	
240	
240	
217	
240	
236	
252	
236	
236	
236	
236	
236	
236	
236	
236	
236	
236	
240	
240	
240	
240	
240	
240	
236	
236	
236	
236	
236	
127	
127	
252	
127	
252	
236	
252	
252	
236	
236	
240	
236	
236	
127	
127	
127	
252	
127	
127	
127	
252	
252	
119	
289	
289	
252	
127	
252	
252	
252	
252	
127	
252	
252	
127	
127	
252	
252	
252	
289	
119	
289	
289	
289	
289	
289	
119	
119	
119	
289	
289	
289	
289	
119	
289	
119	
119	
119	
119	
289	
119	
119	
119	
119	
289	
119	
119	
119	
289	
119	
119	
119	
289	
119	
289	
289	
363	
56	
363	
363	
56	
56	
363	
363	
363	
353	
353	
353	
353	
353	
353	
363	
353	
363	
363	
363	
363	
363	
363	
363	
363	
363	
363	
353	
363	
363	
353	
353	
353	
363	
363	
363	
363	
363	
363	
5	
