21	
344	
362	
344	
21	
21	
344	
362	
362	
307	
362	
344	
362	
362	
362	
344	
344	
344	
21	
21	
21	
21	
21	
21	
21	
344	
344	
344	
344	
344	
344	
21	
21	
21	
21	
21	
21	
21	
21	
21	
21	
344	
344	
344	
344	
344	
344	
344	
344	
344	
344	
344	
344	
344	
344	
344	
362	
344	
344	
362	
362	
71	
344	
71	
71	
71	
71	
71	
71	
71	
71	
71	
71	
344	
71	
71	
71	
71	
362	
362	
362	
71	
71	
344	
71	
71	
362	
362	
307	
307	
71	
71	
71	
362	
71	
71	
71	
71	
283	
283	
283	
283	
283	
211	
211	
211	
283	
283	
283	
283	
283	
283	
283	
283	
211	
283	
307	
71	
283	
283	
307	
283	
211	
211	
211	
283	
283	
211	
211	
211	
211	
211	
211	
211	
283	
283	
283	
211	
283	
283	
283	
283	
211	
211	
211	
211	
211	
211	
211	
211	
211	
211	
211	
211	
194	
192	
211	
211	
211	
211	
211	
194	
211	
211	
211	
211	
211	
211	
211	
211	
211	
211	
211	
211	
211	
194	
192	
178	
194	
192	
182	
182	
218	
182	
218	
192	
218	
192	
211	
178	
192	
192	
178	
194	
192	
218	
182	
218	
218	
192	
218	
218	
192	
194	
192	
211	
211	
178	
211	
211	
211	
211	
211	
192	
182	
178	
218	
218	
218	
194	
178	
194	
192	
182	
192	
211	
211	
211	
211	
211	
211	
178	
192	
192	
211	
211	
211	
194	
211	
178	
218	
218	
192	
211	
211	
211	
211	
211	
283	
211	
211	
211	
211	
211	
211	
211	
211	
211	
211	
211	
211	
211	
283	
283	
211	
283	
283	
211	
283	
283	
283	
283	
283	
283	
283	
283	
283	
211	
211	
211	
283	
283	
283	
283	
307	
307	
71	
71	
71	
71	
362	
71	
71	
307	
307	
307	
307	
283	
307	
307	
307	
307	
283	
283	
283	
307	
307	
307	
307	
307	
211	
283	
307	
307	
283	
307	
307	
362	
283	
307	
307	
307	
307	
307	
362	
344	
344	
344	
344	
344	
344	
344	
362	
362	
307	
362	
344	
362	
362	
362	
362	
362	
344	
344	
344	
362	
344	
344	
362	
307	
307	
307	
362	
307	
362	
362	
362	
362	
362	
362	
362	
362	
362	
362	
362	
