6	
318	
41	
6	
6	
6	
41	
41	
318	
318	
318	
318	
84	
41	
318	
41	
41	
6	
6	
41	
6	
41	
6	
6	
6	
41	
41	
41	
41	
6	
6	
6	
41	
6	
6	
6	
6	
6	
6	
41	
41	
41	
41	
41	
41	
6	
41	
41	
41	
41	
84	
41	
6	
41	
41	
41	
84	
41	
6	
318	
84	
84	
41	
41	
85	
84	
84	
84	
85	
84	
84	
41	
41	
85	
84	
84	
84	
84	
84	
85	
6	
85	
84	
84	
85	
85	
84	
318	
84	
318	
318	
41	
84	
6	
84	
6	
84	
84	
84	
212	
250	
84	
84	
84	
212	
212	
250	
84	
84	
84	
84	
84	
84	
212	
250	
212	
250	
84	
84	
84	
85	
84	
250	
212	
250	
212	
212	
212	
250	
212	
212	
212	
212	
212	
212	
84	
212	
212	
212	
250	
212	
212	
250	
250	
250	
250	
250	
212	
250	
212	
212	
250	
212	
212	
212	
224	
233	
212	
250	
250	
250	
250	
181	
212	
212	
250	
212	
212	
250	
250	
250	
250	
250	
250	
250	
212	
233	
250	
212	
233	
181	
224	
219	
219	
219	
219	
181	
215	
212	
212	
212	
181	
212	
250	
250	
233	
224	
215	
181	
233	
233	
224	
224	
233	
181	
212	
212	
250	
250	
250	
212	
212	
233	
181	
215	
181	
181	
219	
219	
224	
181	
224	
224	
224	
215	
224	
233	
250	
250	
250	
250	
250	
233	
233	
233	
233	
250	
233	
212	
250	
181	
215	
215	
250	
212	
250	
212	
250	
250	
250	
250	
212	
212	
212	
212	
250	
250	
250	
250	
250	
250	
250	
250	
212	
250	
250	
250	
250	
250	
212	
212	
212	
84	
84	
84	
250	
250	
212	
250	
250	
250	
250	
85	
84	
84	
84	
41	
85	
85	
85	
85	
85	
85	
85	
85	
84	
85	
85	
84	
84	
85	
85	
85	
84	
84	
84	
84	
84	
84	
250	
250	
250	
250	
250	
250	
250	
318	
318	
318	
84	
250	
318	
318	
85	
41	
6	
41	
41	
41	
41	
41	
41	
318	
318	
318	
85	
85	
318	
318	
318	
84	
84	
85	
41	
41	
318	
85	
41	
85	
85	
250	
318	
318	
318	
318	
318	
318	
318	
318	
318	
318	
85	
41	
41	
41	
