339	
339	
339	
339	
338	
328	
328	
328	
338	
339	
339	
338	
47	
338	
47	
338	
339	
328	
328	
328	
328	
338	
328	
47	
328	
328	
328	
328	
328	
328	
328	
328	
328	
328	
328	
328	
328	
328	
328	
328	
338	
328	
328	
47	
328	
339	
47	
47	
328	
47	
47	
47	
47	
338	
47	
47	
328	
338	
297	
339	
338	
47	
47	
328	
47	
339	
297	
47	
297	
338	
338	
338	
339	
339	
300	
297	
297	
297	
297	
297	
47	
47	
297	
297	
300	
300	
339	
339	
47	
338	
338	
338	
338	
47	
47	
47	
297	
300	
297	
297	
297	
297	
254	
297	
211	
211	
300	
297	
297	
297	
297	
297	
297	
254	
211	
254	
211	
297	
297	
297	
300	
254	
254	
211	
196	
254	
211	
211	
211	
211	
211	
211	
211	
211	
211	
211	
211	
211	
254	
254	
254	
254	
254	
254	
211	
254	
300	
254	
211	
211	
211	
211	
211	
183	
211	
196	
183	
196	
211	
254	
211	
211	
183	
183	
196	
254	
211	
254	
254	
254	
254	
211	
254	
254	
211	
211	
211	
254	
211	
211	
196	
183	
183	
183	
216	
222	
183	
216	
254	
254	
211	
211	
183	
254	
196	
196	
183	
216	
216	
216	
183	
216	
222	
196	
183	
196	
211	
211	
211	
211	
211	
211	
196	
196	
183	
216	
183	
222	
222	
222	
216	
222	
222	
222	
216	
222	
216	
196	
254	
254	
254	
211	
211	
211	
211	
196	
254	
196	
183	
183	
183	
216	
216	
216	
211	
211	
211	
211	
211	
254	
211	
254	
211	
254	
211	
211	
254	
254	
196	
183	
254	
211	
211	
254	
211	
254	
254	
254	
211	
254	
297	
254	
300	
297	
297	
254	
254	
254	
254	
254	
254	
300	
297	
339	
297	
338	
300	
300	
300	
339	
339	
300	
300	
300	
300	
300	
297	
300	
300	
300	
300	
300	
300	
297	
297	
297	
297	
297	
297	
254	
254	
254	
300	
254	
300	
300	
297	
297	
339	
300	
300	
300	
300	
300	
339	
328	
328	
328	
328	
328	
328	
328	
339	
338	
338	
300	
338	
338	
339	
339	
338	
338	
338	
47	
338	
339	
339	
47	
338	
338	
338	
338	
339	
339	
339	
339	
297	
339	
339	
297	
339	
339	
339	
47	
47	
