5	
364	
364	
5	
5	
5	
5	
364	
364	
364	
364	
364	
364	
364	
364	
364	
5	
5	
5	
5	
5	
5	
5	
5	
5	
5	
5	
364	
5	
5	
5	
5	
5	
5	
5	
5	
5	
5	
5	
5	
5	
5	
64	
64	
364	
64	
5	
5	
64	
5	
364	
364	
64	
364	
364	
5	
364	
64	
64	
364	
364	
364	
64	
64	
64	
64	
64	
315	
64	
64	
64	
64	
64	
364	
64	
103	
103	
315	
315	
364	
364	
64	
64	
315	
364	
64	
364	
364	
64	
103	
64	
64	
64	
364	
64	
364	
103	
103	
103	
103	
230	
103	
103	
103	
210	
210	
103	
103	
103	
103	
103	
103	
103	
103	
230	
230	
103	
103	
103	
103	
103	
103	
230	
210	
210	
210	
103	
210	
210	
210	
210	
210	
210	
210	
210	
230	
210	
210	
103	
103	
103	
210	
230	
210	
103	
103	
103	
230	
230	
210	
230	
210	
230	
210	
210	
223	
210	
210	
210	
210	
210	
204	
204	
210	
210	
210	
210	
210	
210	
230	
230	
210	
230	
230	
210	
210	
204	
210	
210	
204	
223	
198	
198	
219	
219	
198	
204	
220	
230	
210	
204	
223	
230	
230	
230	
223	
198	
198	
223	
204	
204	
198	
220	
204	
223	
230	
230	
230	
230	
210	
230	
210	
204	
223	
198	
230	
223	
198	
219	
220	
204	
210	
223	
223	
198	
230	
230	
210	
230	
230	
210	
204	
204	
204	
210	
230	
210	
204	
230	
210	
223	
198	
223	
230	
230	
230	
230	
230	
103	
230	
230	
210	
210	
210	
230	
230	
230	
230	
230	
230	
230	
230	
103	
230	
230	
230	
230	
103	
103	
103	
103	
103	
103	
103	
103	
230	
230	
230	
230	
230	
315	
103	
230	
103	
64	
315	
315	
315	
315	
315	
64	
315	
315	
315	
315	
315	
315	
315	
103	
315	
315	
315	
315	
103	
364	
315	
315	
315	
315	
230	
230	
230	
230	
315	
315	
315	
315	
364	
364	
315	
315	
315	
315	
315	
364	
364	
5	
5	
364	
64	
5	
364	
364	
315	
315	
315	
364	
364	
364	
364	
315	
315	
364	
5	
364	
364	
364	
364	
315	
315	
315	
315	
315	
364	
364	
364	
315	
364	
364	
364	
364	
364	
364	
364	
364	
