355	
355	
355	
54	
27	
27	
27	
27	
54	
54	
355	
54	
90	
90	
54	
54	
54	
54	
27	
27	
27	
27	
27	
27	
27	
27	
27	
27	
27	
27	
54	
54	
27	
27	
27	
27	
27	
54	
27	
27	
54	
54	
54	
27	
27	
27	
47	
47	
27	
54	
288	
288	
288	
54	
54	
54	
54	
54	
54	
54	
54	
54	
54	
54	
54	
54	
288	
355	
90	
90	
54	
288	
288	
288	
288	
288	
288	
288	
288	
54	
288	
90	
288	
90	
288	
131	
355	
355	
90	
90	
54	
90	
90	
54	
54	
90	
90	
288	
288	
288	
148	
90	
355	
288	
90	
90	
90	
90	
90	
90	
90	
288	
148	
148	
148	
131	
148	
148	
90	
148	
148	
255	
131	
255	
148	
131	
131	
148	
148	
255	
131	
148	
131	
255	
90	
131	
131	
90	
148	
131	
131	
148	
255	
148	
148	
131	
131	
148	
148	
148	
226	
226	
226	
236	
226	
226	
226	
236	
236	
226	
226	
226	
226	
236	
226	
226	
226	
236	
174	
174	
236	
174	
236	
174	
236	
236	
236	
236	
226	
226	
226	
226	
226	
226	
226	
226	
236	
226	
236	
236	
174	
236	
236	
236	
236	
236	
236	
226	
226	
226	
174	
236	
236	
174	
226	
226	
174	
236	
174	
236	
236	
174	
174	
226	
226	
226	
226	
226	
226	
226	
236	
226	
226	
226	
236	
226	
226	
226	
236	
226	
226	
226	
226	
236	
226	
236	
236	
236	
226	
174	
255	
255	
148	
148	
131	
131	
255	
255	
255	
255	
131	
131	
148	
148	
255	
255	
148	
131	
255	
148	
131	
148	
131	
131	
131	
131	
148	
131	
131	
255	
255	
131	
148	
131	
131	
131	
148	
131	
288	
288	
288	
288	
54	
54	
288	
288	
288	
288	
90	
255	
355	
90	
355	
54	
355	
355	
90	
355	
90	
90	
288	
288	
288	
90	
90	
90	
131	
355	
355	
355	
54	
355	
355	
355	
90	
355	
355	
355	
355	
355	
355	
355	
355	
355	
90	
54	
54	
54	
27	
54	
54	
54	
54	
90	
90	
90	
54	
355	
355	
355	
355	
54	
54	
54	
54	
355	
54	
27	
54	
54	
54	
355	
355	
355	
355	
355	
355	
90	
355	
355	
54	
27	
27	
27	
27	
