31	
286	
40	
40	
40	
31	
31	
31	
40	
31	
31	
31	
40	
40	
40	
40	
40	
31	
31	
31	
31	
31	
31	
31	
31	
31	
31	
31	
40	
40	
31	
31	
31	
31	
31	
31	
40	
31	
40	
40	
40	
40	
31	
31	
31	
40	
31	
31	
40	
40	
40	
40	
31	
31	
31	
289	
40	
31	
31	
31	
40	
31	
40	
40	
31	
286	
289	
289	
40	
289	
289	
289	
289	
289	
289	
289	
289	
289	
40	
40	
31	
40	
289	
289	
40	
286	
40	
286	
286	
40	
289	
40	
289	
286	
286	
289	
289	
289	
289	
289	
289	
289	
289	
40	
289	
289	
40	
289	
268	
289	
289	
289	
289	
289	
268	
289	
289	
289	
289	
289	
286	
286	
268	
286	
190	
268	
268	
289	
289	
286	
289	
190	
268	
268	
286	
289	
289	
286	
286	
268	
268	
268	
268	
232	
190	
268	
268	
268	
268	
286	
190	
289	
190	
268	
232	
232	
190	
268	
268	
232	
190	
232	
232	
232	
190	
232	
232	
268	
190	
190	
190	
268	
268	
190	
190	
268	
268	
268	
232	
190	
190	
232	
183	
184	
185	
186	
190	
268	
190	
190	
190	
232	
268	
190	
232	
190	
268	
232	
190	
190	
190	
190	
190	
190	
268	
190	
190	
268	
190	
190	
190	
190	
232	
268	
232	
232	
190	
268	
219	
190	
232	
232	
190	
232	
232	
232	
232	
232	
190	
232	
232	
232	
232	
232	
232	
268	
268	
268	
190	
268	
268	
268	
190	
190	
190	
232	
190	
190	
190	
232	
232	
232	
232	
268	
190	
190	
190	
190	
268	
190	
190	
190	
268	
268	
190	
190	
190	
268	
268	
268	
268	
268	
268	
190	
268	
268	
268	
289	
286	
286	
286	
289	
286	
289	
286	
286	
286	
289	
289	
286	
289	
286	
286	
286	
286	
289	
268	
289	
289	
286	
286	
286	
286	
286	
286	
289	
286	
286	
286	
286	
286	
289	
286	
289	
289	
286	
286	
286	
286	
286	
286	
286	
286	
31	
40	
31	
31	
31	
31	
31	
286	
286	
286	
40	
40	
31	
40	
286	
286	
286	
40	
286	
286	
286	
40	
40	
31	
31	
31	
31	
31	
286	
286	
286	
286	
286	
286	
286	
286	
31	
31	
31	
31	
31	
31	
