27	
342	
342	
27	
27	
27	
27	
27	
342	
269	
342	
342	
342	
342	
65	
342	
342	
27	
27	
27	
27	
342	
27	
27	
27	
27	
27	
27	
27	
27	
27	
27	
27	
27	
27	
27	
27	
27	
27	
27	
65	
65	
65	
65	
65	
65	
65	
65	
65	
65	
65	
65	
342	
65	
342	
65	
65	
65	
65	
342	
294	
65	
65	
65	
65	
65	
342	
65	
294	
65	
65	
65	
65	
294	
294	
294	
294	
294	
294	
294	
294	
294	
104	
294	
294	
294	
294	
104	
294	
294	
65	
65	
65	
294	
65	
65	
65	
294	
104	
104	
104	
269	
104	
104	
104	
139	
104	
294	
104	
104	
104	
104	
104	
104	
104	
139	
139	
269	
104	
104	
104	
269	
269	
139	
139	
139	
139	
139	
139	
269	
139	
139	
139	
269	
269	
139	
269	
139	
139	
269	
104	
269	
269	
269	
269	
269	
104	
104	
139	
139	
139	
139	
139	
157	
159	
159	
157	
157	
159	
139	
139	
159	
157	
157	
159	
139	
139	
139	
139	
139	
269	
269	
139	
139	
139	
139	
139	
139	
139	
139	
159	
157	
197	
197	
197	
219	
197	
219	
159	
139	
139	
159	
157	
139	
159	
157	
197	
219	
219	
219	
157	
219	
219	
157	
157	
159	
139	
139	
139	
139	
139	
139	
159	
139	
157	
197	
197	
219	
219	
219	
219	
243	
197	
219	
219	
219	
157	
139	
139	
139	
139	
139	
139	
139	
139	
159	
139	
159	
157	
197	
243	
243	
243	
243	
139	
139	
139	
269	
269	
269	
104	
104	
104	
139	
139	
139	
139	
139	
159	
157	
139	
139	
269	
104	
139	
269	
269	
269	
269	
269	
104	
104	
104	
104	
104	
269	
269	
139	
139	
139	
139	
104	
269	
342	
294	
294	
294	
294	
294	
294	
294	
294	
294	
294	
294	
294	
104	
269	
269	
294	
294	
294	
294	
294	
294	
294	
294	
294	
294	
294	
269	
269	
269	
269	
269	
294	
294	
294	
269	
269	
294	
269	
294	
294	
342	
27	
27	
27	
65	
27	
65	
27	
342	
294	
294	
294	
294	
294	
294	
342	
294	
342	
342	
65	
65	
342	
342	
342	
342	
342	
294	
294	
342	
342	
342	
294	
294	
342	
342	
342	
342	
342	
342	
27	
27	
