72	
72	
72	
74	
34	
34	
34	
72	
72	
72	
72	
72	
72	
72	
34	
34	
72	
72	
72	
72	
72	
72	
72	
72	
72	
72	
72	
72	
72	
72	
72	
34	
34	
34	
34	
34	
34	
72	
72	
72	
72	
72	
72	
34	
34	
34	
34	
34	
72	
72	
34	
74	
72	
72	
72	
34	
72	
72	
72	
74	
72	
72	
72	
72	
34	
72	
74	
72	
281	
72	
72	
72	
72	
74	
281	
281	
281	
281	
281	
281	
281	
281	
281	
281	
321	
321	
72	
74	
321	
72	
72	
72	
74	
74	
74	
74	
74	
74	
281	
281	
175	
281	
281	
281	
255	
281	
281	
74	
74	
281	
281	
281	
281	
175	
175	
255	
175	
169	
281	
281	
169	
281	
175	
255	
175	
169	
175	
175	
175	
255	
175	
175	
175	
175	
175	
175	
255	
175	
175	
169	
175	
175	
255	
255	
175	
169	
175	
175	
175	
175	
175	
175	
241	
241	
175	
175	
241	
241	
255	
169	
175	
175	
241	
198	
241	
255	
175	
175	
169	
255	
255	
255	
175	
255	
175	
175	
175	
255	
255	
255	
175	
241	
241	
198	
222	
222	
198	
198	
241	
169	
169	
255	
241	
169	
255	
175	
241	
198	
222	
198	
175	
198	
222	
198	
198	
198	
255	
169	
175	
175	
175	
175	
241	
198	
198	
222	
222	
222	
219	
219	
222	
222	
219	
219	
198	
222	
222	
198	
241	
241	
241	
241	
241	
255	
241	
198	
169	
241	
198	
198	
241	
222	
222	
222	
255	
169	
169	
175	
255	
169	
255	
175	
169	
255	
255	
255	
241	
175	
241	
198	
169	
175	
255	
169	
175	
169	
175	
175	
255	
255	
169	
169	
281	
281	
281	
175	
175	
175	
255	
281	
281	
281	
281	
281	
72	
72	
321	
321	
321	
321	
321	
281	
321	
321	
321	
321	
321	
321	
281	
281	
281	
281	
74	
74	
74	
281	
281	
281	
72	
72	
321	
255	
321	
321	
169	
321	
321	
321	
321	
321	
321	
321	
321	
321	
72	
72	
34	
34	
34	
72	
72	
72	
72	
72	
72	
72	
72	
72	
74	
74	
72	
72	
72	
34	
72	
72	
72	
34	
72	
72	
72	
321	
321	
74	
72	
321	
74	
74	
74	
74	
74	
72	
72	
34	
34	
