343	
26	
26	
26	
343	
343	
26	
26	
352	
352	
343	
26	
352	
26	
352	
343	
26	
343	
26	
26	
26	
26	
26	
26	
26	
26	
26	
26	
26	
26	
26	
26	
343	
26	
343	
26	
26	
343	
26	
26	
26	
26	
343	
343	
26	
343	
343	
26	
26	
26	
26	
26	
26	
26	
26	
26	
26	
343	
343	
352	
343	
26	
343	
343	
26	
343	
271	
352	
352	
343	
271	
271	
343	
26	
271	
271	
343	
26	
26	
26	
26	
343	
343	
26	
26	
343	
352	
352	
343	
343	
26	
343	
26	
26	
343	
26	
271	
271	
271	
271	
352	
271	
352	
271	
271	
271	
271	
271	
271	
271	
271	
271	
271	
271	
230	
230	
352	
343	
174	
352	
352	
174	
230	
174	
174	
174	
174	
271	
174	
271	
271	
174	
271	
174	
271	
230	
271	
271	
352	
343	
271	
271	
174	
271	
230	
174	
174	
230	
230	
174	
230	
174	
230	
230	
271	
215	
271	
271	
271	
174	
271	
162	
224	
271	
271	
230	
174	
271	
230	
174	
230	
230	
230	
174	
174	
271	
205	
271	
271	
162	
224	
182	
215	
215	
185	
205	
162	
205	
230	
174	
162	
224	
230	
230	
230	
230	
224	
224	
162	
230	
205	
205	
162	
174	
205	
230	
174	
230	
230	
174	
230	
271	
271	
162	
215	
230	
224	
224	
224	
205	
230	
162	
205	
224	
215	
205	
230	
174	
230	
230	
174	
174	
224	
224	
205	
174	
174	
162	
230	
174	
162	
224	
224	
230	
174	
174	
174	
230	
174	
230	
230	
174	
271	
271	
230	
230	
230	
271	
230	
230	
174	
230	
271	
174	
230	
230	
174	
174	
174	
271	
271	
271	
271	
271	
271	
271	
271	
174	
230	
230	
230	
271	
230	
271	
343	
26	
26	
26	
26	
352	
352	
352	
352	
352	
352	
352	
352	
352	
271	
174	
352	
343	
343	
271	
271	
271	
174	
352	
174	
174	
230	
230	
230	
352	
352	
174	
352	
352	
230	
352	
230	
343	
352	
352	
26	
26	
26	
26	
26	
343	
26	
343	
352	
352	
352	
352	
343	
343	
26	
352	
343	
343	
343	
343	
26	
352	
352	
343	
352	
352	
352	
352	
352	
352	
352	
352	
352	
352	
352	
343	
343	
343	
352	
343	
343	
