6	
6	
346	
344	
6	
6	
6	
6	
6	
344	
302	
344	
346	
346	
346	
346	
346	
344	
337	
337	
337	
337	
337	
337	
344	
344	
344	
344	
344	
337	
337	
337	
337	
346	
344	
337	
344	
344	
6	
6	
6	
6	
6	
346	
346	
346	
344	
6	
6	
346	
346	
346	
346	
337	
337	
337	
302	
337	
337	
337	
302	
337	
302	
344	
344	
344	
344	
344	
344	
346	
346	
346	
344	
337	
302	
346	
346	
346	
346	
302	
302	
337	
302	
302	
302	
288	
337	
337	
302	
302	
302	
302	
346	
302	
302	
344	
344	
337	
337	
302	
302	
146	
146	
288	
302	
146	
146	
146	
302	
302	
302	
302	
302	
146	
146	
146	
146	
169	
288	
146	
146	
169	
146	
146	
162	
162	
146	
146	
146	
146	
288	
146	
146	
146	
146	
162	
146	
146	
162	
169	
162	
162	
162	
162	
146	
146	
146	
288	
169	
146	
146	
146	
162	
162	
162	
169	
162	
146	
146	
146	
169	
162	
237	
237	
222	
222	
162	
162	
169	
146	
146	
169	
146	
162	
237	
146	
146	
169	
146	
169	
146	
146	
162	
162	
162	
162	
237	
222	
222	
222	
162	
162	
237	
237	
162	
237	
222	
222	
224	
224	
224	
224	
224	
222	
222	
224	
224	
224	
224	
224	
224	
222	
237	
222	
222	
222	
222	
222	
222	
222	
222	
222	
224	
224	
224	
224	
224	
224	
237	
237	
237	
162	
169	
169	
162	
237	
237	
237	
237	
237	
222	
222	
222	
222	
224	
224	
224	
224	
222	
162	
169	
162	
169	
169	
169	
162	
162	
237	
237	
237	
222	
237	
237	
162	
162	
169	
169	
162	
169	
169	
169	
288	
288	
288	
288	
146	
146	
146	
146	
146	
288	
288	
288	
169	
288	
302	
288	
288	
288	
288	
288	
288	
288	
288	
337	
337	
302	
302	
302	
302	
302	
302	
302	
302	
302	
302	
302	
302	
288	
302	
302	
302	
288	
288	
288	
288	
288	
288	
302	
288	
288	
288	
302	
288	
288	
169	
288	
337	
337	
337	
337	
344	
344	
346	
337	
337	
337	
337	
337	
337	
337	
337	
344	
344	
344	
346	
346	
346	
344	
344	
346	
346	
346	
346	
337	
337	
337	
337	
337	
302	
302	
302	
344	
6	
6	
