52	
52	
52	
52	
34	
34	
34	
33	
33	
52	
52	
34	
33	
33	
33	
33	
52	
52	
33	
34	
34	
34	
34	
33	
34	
34	
33	
33	
33	
34	
52	
52	
33	
34	
34	
34	
33	
52	
52	
34	
33	
33	
33	
33	
52	
34	
34	
34	
33	
33	
33	
52	
52	
301	
52	
301	
301	
33	
52	
52	
33	
33	
33	
107	
107	
52	
356	
52	
52	
107	
76	
76	
76	
76	
76	
76	
76	
76	
301	
301	
107	
52	
301	
107	
301	
107	
107	
52	
52	
107	
107	
107	
52	
52	
52	
76	
107	
76	
76	
76	
76	
107	
107	
107	
301	
107	
107	
301	
107	
107	
76	
301	
76	
301	
148	
147	
148	
356	
356	
148	
147	
147	
107	
76	
147	
147	
147	
147	
148	
148	
147	
148	
147	
147	
148	
148	
147	
147	
148	
148	
147	
148	
147	
148	
148	
147	
147	
148	
148	
148	
181	
233	
233	
181	
233	
181	
181	
233	
201	
181	
181	
233	
233	
233	
201	
201	
181	
181	
201	
201	
201	
233	
201	
181	
201	
201	
201	
181	
201	
233	
181	
201	
233	
233	
233	
233	
181	
181	
201	
201	
201	
201	
201	
201	
181	
181	
181	
201	
181	
201	
201	
233	
201	
201	
181	
181	
201	
233	
201	
201	
201	
201	
201	
233	
233	
233	
233	
181	
233	
181	
233	
233	
233	
201	
233	
233	
233	
233	
233	
233	
233	
233	
233	
233	
233	
181	
233	
201	
181	
201	
147	
147	
147	
147	
147	
147	
147	
147	
147	
147	
147	
147	
148	
148	
148	
148	
147	
147	
147	
147	
147	
147	
147	
147	
147	
147	
148	
147	
147	
148	
147	
147	
147	
147	
147	
148	
147	
148	
301	
107	
301	
107	
356	
76	
356	
356	
147	
301	
301	
301	
356	
356	
107	
301	
356	
356	
301	
356	
301	
356	
301	
33	
301	
107	
356	
356	
147	
356	
107	
356	
356	
356	
356	
356	
356	
356	
356	
356	
356	
356	
356	
356	
356	
107	
52	
52	
33	
33	
33	
33	
356	
52	
52	
356	
33	
301	
356	
356	
356	
356	
356	
107	
356	
356	
356	
52	
52	
33	
33	
33	
33	
356	
356	
356	
356	
356	
356	
356	
356	
52	
52	
34	
34	
34	
34	
