17	
345	
17	
17	
345	
345	
345	
345	
345	
345	
17	
345	
345	
345	
345	
345	
17	
17	
44	
44	
44	
44	
44	
17	
17	
44	
17	
345	
44	
44	
44	
17	
44	
44	
44	
44	
44	
17	
17	
345	
17	
44	
44	
44	
17	
17	
44	
44	
345	
345	
345	
44	
17	
345	
345	
17	
17	
44	
17	
17	
345	
76	
44	
76	
345	
17	
76	
76	
76	
76	
76	
76	
17	
17	
76	
76	
76	
76	
345	
17	
17	
76	
76	
345	
345	
345	
76	
304	
76	
345	
76	
76	
108	
108	
108	
108	
345	
76	
76	
76	
108	
76	
76	
345	
76	
76	
108	
108	
108	
108	
108	
108	
76	
268	
304	
304	
108	
108	
76	
76	
108	
108	
108	
268	
265	
268	
268	
108	
304	
108	
268	
289	
268	
108	
108	
304	
108	
289	
268	
268	
268	
268	
268	
108	
304	
268	
268	
268	
268	
268	
204	
204	
209	
204	
195	
195	
204	
204	
204	
195	
195	
195	
195	
209	
204	
204	
204	
209	
209	
209	
204	
204	
209	
195	
209	
204	
204	
209	
204	
195	
195	
195	
195	
195	
195	
204	
204	
204	
209	
209	
204	
204	
209	
209	
195	
195	
195	
204	
204	
209	
204	
204	
204	
204	
204	
209	
204	
209	
209	
204	
209	
204	
204	
204	
195	
209	
204	
195	
204	
204	
195	
209	
209	
195	
195	
204	
209	
209	
209	
204	
195	
195	
195	
195	
195	
209	
209	
209	
209	
204	
268	
268	
265	
265	
268	
268	
268	
268	
268	
268	
268	
268	
268	
268	
265	
265	
265	
268	
265	
265	
268	
268	
268	
265	
265	
268	
265	
268	
268	
268	
268	
268	
268	
268	
268	
268	
304	
265	
265	
289	
289	
289	
304	
304	
289	
289	
289	
289	
289	
304	
304	
289	
289	
289	
289	
268	
289	
304	
304	
289	
289	
289	
289	
304	
304	
289	
345	
345	
289	
289	
265	
304	
289	
265	
265	
289	
289	
304	
304	
289	
289	
289	
289	
345	
17	
17	
44	
345	
345	
345	
345	
17	
345	
345	
345	
345	
289	
345	
289	
289	
345	
345	
345	
345	
345	
17	
17	
44	
44	
345	
289	
289	
289	
289	
345	
289	
345	
345	
304	
17	
345	
17	
17	
17	
17	
