62	
285	
62	
285	
62	
62	
285	
62	
352	
352	
62	
352	
352	
62	
62	
285	
285	
62	
62	
62	
62	
62	
62	
62	
62	
62	
62	
62	
62	
285	
62	
62	
62	
285	
285	
62	
285	
62	
62	
62	
62	
62	
62	
285	
62	
285	
285	
62	
285	
285	
62	
62	
285	
62	
62	
285	
62	
285	
285	
285	
62	
62	
62	
285	
62	
285	
285	
352	
285	
285	
285	
285	
285	
62	
285	
285	
285	
352	
62	
62	
285	
285	
285	
62	
62	
62	
62	
352	
285	
352	
62	
285	
285	
62	
285	
285	
285	
285	
212	
212	
170	
212	
285	
212	
212	
212	
285	
285	
285	
212	
212	
285	
285	
212	
170	
170	
285	
285	
285	
285	
285	
212	
170	
170	
170	
170	
212	
212	
170	
212	
212	
212	
212	
212	
212	
170	
212	
170	
170	
212	
212	
212	
170	
212	
170	
212	
212	
170	
170	
212	
170	
212	
170	
170	
212	
156	
212	
212	
212	
170	
212	
212	
181	
212	
212	
212	
170	
212	
212	
170	
170	
170	
170	
170	
212	
212	
212	
212	
212	
212	
181	
184	
183	
184	
185	
192	
212	
232	
170	
212	
212	
192	
170	
170	
170	
170	
232	
192	
212	
170	
170	
232	
212	
212	
232	
170	
212	
170	
212	
170	
170	
212	
212	
232	
156	
170	
232	
192	
192	
212	
232	
170	
232	
212	
156	
232	
170	
170	
170	
170	
212	
232	
181	
192	
192	
212	
170	
232	
170	
212	
212	
181	
192	
170	
170	
170	
170	
170	
170	
170	
170	
212	
212	
212	
170	
212	
170	
170	
170	
170	
170	
170	
170	
212	
170	
170	
170	
170	
212	
212	
170	
212	
212	
212	
212	
212	
212	
170	
170	
170	
170	
212	
170	
285	
285	
62	
62	
62	
352	
352	
352	
352	
352	
352	
352	
170	
170	
212	
285	
212	
352	
352	
352	
285	
285	
285	
285	
352	
352	
170	
170	
170	
352	
352	
352	
352	
352	
352	
170	
352	
352	
352	
352	
352	
62	
62	
285	
62	
62	
285	
62	
62	
352	
352	
352	
352	
352	
285	
62	
352	
352	
352	
285	
62	
62	
62	
352	
285	
285	
352	
352	
352	
352	
352	
352	
352	
352	
352	
352	
352	
352	
352	
62	
62	
285	
