327	
327	
12	
357	
12	
327	
327	
12	
12	
12	
12	
12	
12	
12	
12	
327	
327	
21	
21	
21	
21	
21	
327	
327	
327	
327	
327	
12	
12	
83	
83	
327	
21	
21	
21	
21	
21	
21	
21	
327	
327	
327	
327	
12	
83	
83	
83	
83	
327	
12	
12	
83	
327	
83	
327	
12	
357	
12	
12	
96	
317	
317	
357	
12	
12	
96	
96	
96	
96	
317	
317	
96	
12	
327	
327	
12	
83	
83	
83	
357	
357	
83	
83	
327	
12	
96	
96	
96	
303	
303	
317	
96	
96	
96	
96	
96	
96	
96	
357	
96	
96	
96	
317	
303	
317	
317	
317	
317	
96	
317	
303	
303	
303	
303	
303	
303	
317	
317	
317	
303	
284	
168	
284	
284	
303	
303	
303	
168	
168	
168	
170	
170	
170	
170	
303	
303	
168	
168	
303	
303	
303	
303	
303	
303	
284	
168	
168	
168	
168	
168	
168	
168	
170	
170	
170	
170	
170	
170	
170	
170	
168	
284	
284	
284	
284	
284	
168	
168	
170	
170	
170	
170	
170	
170	
170	
170	
218	
218	
218	
218	
218	
218	
170	
218	
218	
218	
218	
218	
218	
218	
218	
218	
218	
218	
218	
218	
218	
218	
218	
218	
218	
218	
218	
218	
218	
170	
218	
218	
218	
218	
170	
170	
170	
218	
218	
218	
218	
218	
218	
170	
170	
218	
218	
218	
170	
168	
168	
170	
170	
170	
170	
218	
218	
170	
168	
168	
170	
170	
170	
218	
218	
218	
170	
170	
168	
168	
168	
284	
168	
168	
168	
168	
168	
168	
168	
168	
168	
168	
168	
284	
303	
168	
168	
168	
168	
168	
168	
168	
168	
284	
284	
284	
284	
284	
284	
284	
284	
284	
284	
303	
303	
303	
284	
284	
284	
284	
317	
317	
303	
303	
284	
284	
284	
317	
317	
303	
284	
284	
284	
303	
317	
303	
303	
303	
303	
303	
303	
303	
303	
303	
303	
303	
303	
303	
317	
317	
317	
317	
317	
317	
317	
317	
317	
317	
83	
327	
327	
12	
357	
357	
357	
357	
12	
357	
357	
357	
357	
357	
317	
357	
357	
357	
357	
357	
357	
357	
83	
357	
96	
317	
317	
317	
96	
357	
357	
357	
357	
357	
357	
357	
357	
357	
357	
357	
83	
