82	
82	
82	
33	
21	
21	
33	
82	
33	
33	
21	
21	
33	
33	
82	
82	
82	
82	
33	
21	
21	
21	
21	
33	
82	
33	
82	
33	
33	
33	
33	
33	
33	
33	
33	
33	
82	
82	
33	
33	
71	
71	
82	
33	
33	
21	
71	
33	
82	
82	
82	
82	
82	
82	
82	
82	
82	
82	
82	
82	
82	
82	
82	
82	
82	
82	
82	
71	
82	
71	
71	
71	
71	
71	
71	
71	
71	
71	
103	
71	
82	
82	
103	
82	
103	
82	
82	
82	
82	
82	
82	
82	
82	
82	
82	
103	
82	
103	
71	
103	
139	
103	
103	
103	
103	
103	
138	
138	
138	
139	
103	
103	
139	
103	
139	
138	
138	
103	
138	
71	
103	
138	
103	
139	
138	
250	
254	
138	
138	
103	
138	
138	
138	
103	
103	
103	
138	
138	
139	
139	
138	
254	
103	
103	
139	
254	
139	
254	
138	
139	
213	
177	
213	
177	
232	
213	
213	
213	
177	
213	
213	
232	
232	
232	
177	
177	
213	
232	
177	
177	
177	
213	
177	
213	
177	
177	
177	
213	
232	
232	
177	
232	
232	
232	
232	
213	
213	
177	
177	
213	
177	
213	
177	
177	
177	
232	
213	
177	
213	
213	
177	
213	
177	
177	
213	
213	
177	
177	
213	
213	
177	
177	
213	
213	
232	
232	
232	
177	
232	
232	
232	
232	
232	
213	
232	
232	
232	
232	
232	
232	
232	
232	
232	
232	
232	
213	
232	
177	
177	
177	
254	
254	
254	
250	
250	
250	
254	
250	
250	
250	
250	
254	
139	
254	
254	
254	
254	
254	
250	
250	
250	
250	
254	
250	
250	
250	
250	
250	
138	
138	
138	
103	
250	
250	
250	
139	
250	
103	
71	
71	
71	
103	
138	
103	
103	
138	
103	
138	
103	
138	
138	
138	
138	
82	
250	
250	
103	
138	
103	
82	
103	
82	
82	
82	
138	
138	
103	
138	
103	
82	
82	
138	
82	
82	
82	
82	
82	
82	
82	
82	
82	
82	
82	
82	
82	
33	
33	
33	
82	
82	
82	
82	
82	
82	
82	
82	
82	
82	
82	
138	
82	
82	
82	
82	
82	
82	
82	
33	
33	
82	
33	
82	
82	
82	
82	
82	
82	
82	
138	
82	
33	
33	
33	
33	
33	
