51	
51	
51	
51	
33	
364	
364	
33	
51	
51	
51	
33	
51	
51	
51	
51	
51	
51	
33	
33	
33	
33	
33	
33	
33	
33	
33	
33	
33	
33	
33	
51	
33	
364	
33	
364	
33	
51	
51	
33	
33	
33	
33	
33	
33	
364	
364	
364	
51	
51	
51	
107	
51	
107	
51	
33	
107	
33	
33	
51	
51	
51	
107	
33	
107	
51	
355	
51	
51	
107	
288	
288	
107	
288	
288	
288	
288	
288	
107	
51	
288	
51	
51	
288	
107	
355	
51	
51	
51	
107	
51	
107	
107	
107	
107	
107	
51	
288	
288	
288	
148	
355	
51	
288	
107	
107	
107	
107	
107	
107	
288	
288	
107	
107	
265	
147	
148	
265	
107	
148	
265	
107	
147	
148	
148	
147	
265	
265	
148	
148	
147	
148	
265	
265	
107	
107	
147	
107	
265	
147	
147	
148	
147	
148	
148	
147	
147	
148	
148	
148	
177	
226	
177	
177	
177	
226	
226	
226	
234	
226	
226	
234	
226	
234	
234	
226	
234	
234	
177	
177	
234	
177	
234	
177	
177	
177	
177	
234	
226	
226	
234	
226	
226	
226	
226	
226	
177	
234	
177	
177	
177	
234	
234	
177	
234	
234	
226	
177	
234	
234	
177	
234	
177	
177	
226	
226	
177	
234	
177	
234	
234	
177	
177	
226	
226	
226	
226	
226	
234	
226	
177	
226	
226	
226	
226	
226	
226	
226	
226	
226	
226	
226	
226	
234	
226	
234	
226	
177	
226	
177	
148	
265	
265	
147	
147	
265	
265	
147	
265	
147	
265	
265	
148	
265	
265	
148	
148	
147	
147	
148	
265	
265	
265	
147	
265	
265	
265	
147	
265	
147	
147	
147	
148	
147	
265	
148	
265	
265	
288	
288	
107	
288	
51	
107	
288	
288	
288	
288	
51	
147	
265	
355	
355	
107	
355	
355	
265	
355	
107	
355	
288	
288	
288	
107	
107	
355	
355	
355	
265	
355	
51	
355	
355	
355	
147	
355	
355	
355	
107	
355	
355	
355	
355	
355	
107	
107	
33	
51	
33	
33	
51	
51	
51	
51	
107	
51	
51	
355	
355	
355	
355	
51	
51	
355	
51	
51	
51	
33	
33	
51	
33	
355	
355	
355	
355	
355	
355	
355	
355	
51	
33	
364	
33	
364	
364	
